Build started 7/10/2013 10:30:26 PM.
     1>Project "C:\Users\jsherard\Desktop\Now\FRCC\C++\Chapter 7\Ch07Ex01\Ch07Ex01\Ch07Ex01.vcxproj" on node 2 (build target(s)).
     1>InitializeBuildStatus:
         Creating "Debug\Ch07Ex01.unsuccessfulbuild" because "AlwaysCreate" was specified.
       ClCompile:
         C:\Program Files (x86)\Microsoft Visual Studio 10.0\VC\bin\CL.exe /c /ZI /nologo /W3 /WX- /Od /Oy- /D WIN32 /D _DEBUG /D _CONSOLE /D _UNICODE /D UNICODE /Gm /EHsc /RTC1 /MDd /GS /fp:precise /Zc:wchar_t /Zc:forScope /Fo"Debug\\" /Fd"Debug\vc100.pdb" /Gd /TP /analyze- /errorReport:prompt Ch07Ex01.cpp
         Ch07Ex01.cpp
     1>c:\users\jsherard\desktop\now\frcc\c++\chapter 7\ch07ex01\ch07ex01\ch07ex01.cpp(72): warning C4715: 'triangleShape' : not all control paths return a value
       ManifestResourceCompile:
         All outputs are up-to-date.
       Link:
         C:\Program Files (x86)\Microsoft Visual Studio 10.0\VC\bin\link.exe /ERRORREPORT:PROMPT /OUT:"C:\Users\jsherard\Desktop\Now\FRCC\C++\Chapter 7\Ch07Ex01\Debug\Ch07Ex01.exe" /INCREMENTAL /NOLOGO kernel32.lib user32.lib gdi32.lib winspool.lib comdlg32.lib advapi32.lib shell32.lib ole32.lib oleaut32.lib uuid.lib odbc32.lib odbccp32.lib /MANIFEST /ManifestFile:"Debug\Ch07Ex01.exe.intermediate.manifest" /MANIFESTUAC:"level='asInvoker' uiAccess='false'" /DEBUG /PDB:"C:\Users\jsherard\Desktop\Now\FRCC\C++\Chapter 7\Ch07Ex01\Debug\Ch07Ex01.pdb" /SUBSYSTEM:CONSOLE /TLBID:1 /DYNAMICBASE /NXCOMPAT /IMPLIB:"C:\Users\jsherard\Desktop\Now\FRCC\C++\Chapter 7\Ch07Ex01\Debug\Ch07Ex01.lib" /MACHINE:X86 Debug\Ch07Ex01.exe.embed.manifest.res
         Debug\Ch07Ex01.obj
       Manifest:
         C:\Program Files (x86)\Microsoft SDKs\Windows\v7.0A\bin\mt.exe /nologo /verbose /out:"Debug\Ch07Ex01.exe.embed.manifest" /manifest Debug\Ch07Ex01.exe.intermediate.manifest
         All outputs are up-to-date.
       LinkEmbedManifest:
         All outputs are up-to-date.
         Ch07Ex01.vcxproj -> C:\Users\jsherard\Desktop\Now\FRCC\C++\Chapter 7\Ch07Ex01\Debug\Ch07Ex01.exe
       FinalizeBuildStatus:
         Deleting file "Debug\Ch07Ex01.unsuccessfulbuild".
         Touching "Debug\Ch07Ex01.lastbuildstate".
     1>Done Building Project "C:\Users\jsherard\Desktop\Now\FRCC\C++\Chapter 7\Ch07Ex01\Ch07Ex01\Ch07Ex01.vcxproj" (build target(s)).

Build succeeded.

Time Elapsed 00:00:01.01
