Build started 7/29/2013 8:09:32 PM.
     1>Project "C:\Users\jsherard\Desktop\Now\FRCC\C++\template\template\template.vcxproj" on node 2 (build target(s)).
     1>InitializeBuildStatus:
         Creating "Debug\homework.unsuccessfulbuild" because "AlwaysCreate" was specified.
       ClCompile:
         C:\Program Files (x86)\Microsoft Visual Studio 10.0\VC\bin\CL.exe /c /ZI /nologo /W3 /WX- /Od /Oy- /D WIN32 /D _DEBUG /D _CONSOLE /D _UNICODE /D UNICODE /Gm /EHsc /RTC1 /MDd /GS /fp:precise /Zc:wchar_t /Zc:forScope /Fo"Debug\\" /Fd"Debug\vc100.pdb" /Gd /TP /analyze- /errorReport:prompt homework.cpp
         homework.cpp
       ManifestResourceCompile:
         All outputs are up-to-date.
       Link:
         C:\Program Files (x86)\Microsoft Visual Studio 10.0\VC\bin\link.exe /ERRORREPORT:PROMPT /OUT:"C:\Users\jsherard\Desktop\Now\FRCC\C++\template\Debug\homework.exe" /INCREMENTAL /NOLOGO kernel32.lib user32.lib gdi32.lib winspool.lib comdlg32.lib advapi32.lib shell32.lib ole32.lib oleaut32.lib uuid.lib odbc32.lib odbccp32.lib /MANIFEST /ManifestFile:"Debug\homework.exe.intermediate.manifest" /MANIFESTUAC:"level='asInvoker' uiAccess='false'" /DEBUG /PDB:"C:\Users\jsherard\Desktop\Now\FRCC\C++\template\Debug\homework.pdb" /SUBSYSTEM:CONSOLE /TLBID:1 /DYNAMICBASE /NXCOMPAT /IMPLIB:"C:\Users\jsherard\Desktop\Now\FRCC\C++\template\Debug\homework.lib" /MACHINE:X86 Debug\homework.exe.embed.manifest.res
         Debug\homework.obj
       Manifest:
         C:\Program Files (x86)\Microsoft SDKs\Windows\v7.0A\bin\mt.exe /nologo /verbose /out:"Debug\homework.exe.embed.manifest" /manifest Debug\homework.exe.intermediate.manifest
         All outputs are up-to-date.
       LinkEmbedManifest:
         All outputs are up-to-date.
         template.vcxproj -> C:\Users\jsherard\Desktop\Now\FRCC\C++\template\Debug\homework.exe
       FinalizeBuildStatus:
         Deleting file "Debug\homework.unsuccessfulbuild".
         Touching "Debug\homework.lastbuildstate".
     1>Done Building Project "C:\Users\jsherard\Desktop\Now\FRCC\C++\template\template\template.vcxproj" (build target(s)).

Build succeeded.

Time Elapsed 00:00:01.90
