Build started 7/5/2013 2:48:38 PM.
     1>Project "C:\Users\jsherard\Desktop\Now\FRCC\C++\Chapter 6\CH06_Ex24\CH06_Ex24.vcxproj" on node 2 (build target(s)).
     1>InitializeBuildStatus:
         Creating "Debug\CH06_Ex24.unsuccessfulbuild" because "AlwaysCreate" was specified.
       ClCompile:
         C:\Program Files (x86)\Microsoft Visual Studio 10.0\VC\bin\CL.exe /c /ZI /nologo /W3 /WX- /Od /Oy- /D WIN32 /D _DEBUG /D _CONSOLE /D _UNICODE /D UNICODE /Gm /EHsc /RTC1 /MDd /GS /fp:precise /Zc:wchar_t /Zc:forScope /Fo"Debug\\" /Fd"Debug\vc100.pdb" /Gd /TP /analyze- /errorReport:prompt CH06_Ex24.cpp
         CH06_Ex24.cpp
       ManifestResourceCompile:
         All outputs are up-to-date.
       Link:
         C:\Program Files (x86)\Microsoft Visual Studio 10.0\VC\bin\link.exe /ERRORREPORT:PROMPT /OUT:"C:\Users\jsherard\Desktop\Now\FRCC\C++\Chapter 6\CH06_Ex24\Debug\CH06_Ex24.exe" /INCREMENTAL /NOLOGO kernel32.lib user32.lib gdi32.lib winspool.lib comdlg32.lib advapi32.lib shell32.lib ole32.lib oleaut32.lib uuid.lib odbc32.lib odbccp32.lib /MANIFEST /ManifestFile:"Debug\CH06_Ex24.exe.intermediate.manifest" /MANIFESTUAC:"level='asInvoker' uiAccess='false'" /DEBUG /PDB:"C:\Users\jsherard\Desktop\Now\FRCC\C++\Chapter 6\CH06_Ex24\Debug\CH06_Ex24.pdb" /SUBSYSTEM:CONSOLE /TLBID:1 /DYNAMICBASE /NXCOMPAT /IMPLIB:"C:\Users\jsherard\Desktop\Now\FRCC\C++\Chapter 6\CH06_Ex24\Debug\CH06_Ex24.lib" /MACHINE:X86 Debug\CH06_Ex24.exe.embed.manifest.res
         Debug\CH06_Ex24.obj
       Manifest:
         C:\Program Files (x86)\Microsoft SDKs\Windows\v7.0A\bin\mt.exe /nologo /verbose /out:"Debug\CH06_Ex24.exe.embed.manifest" /manifest Debug\CH06_Ex24.exe.intermediate.manifest
         All outputs are up-to-date.
       LinkEmbedManifest:
         All outputs are up-to-date.
         CH06_Ex24.vcxproj -> C:\Users\jsherard\Desktop\Now\FRCC\C++\Chapter 6\CH06_Ex24\Debug\CH06_Ex24.exe
       FinalizeBuildStatus:
         Deleting file "Debug\CH06_Ex24.unsuccessfulbuild".
         Touching "Debug\CH06_Ex24.lastbuildstate".
     1>Done Building Project "C:\Users\jsherard\Desktop\Now\FRCC\C++\Chapter 6\CH06_Ex24\CH06_Ex24.vcxproj" (build target(s)).

Build succeeded.

Time Elapsed 00:00:02.35
