Build started 6/22/2013 8:52:45 AM.
     1>Project "C:\Users\jsherard\Desktop\Now\FRCC\C++\Chapter 3\Ch03_Ex05\Ch03_Ex05\Ch03_Ex05.vcxproj" on node 2 (build target(s)).
     1>InitializeBuildStatus:
         Creating "Debug\Ch03_Ex05.unsuccessfulbuild" because "AlwaysCreate" was specified.
       ClCompile:
         C:\Program Files (x86)\Microsoft Visual Studio 10.0\VC\bin\CL.exe /c /ZI /nologo /W3 /WX- /Od /Oy- /D WIN32 /D _DEBUG /D _CONSOLE /D _UNICODE /D UNICODE /Gm /EHsc /RTC1 /MDd /GS /fp:precise /Zc:wchar_t /Zc:forScope /Fo"Debug\\" /Fd"Debug\vc100.pdb" /Gd /TP /analyze- /errorReport:prompt Ch03_Ex05.cpp
         Ch03_Ex05.cpp
       ManifestResourceCompile:
         All outputs are up-to-date.
       Link:
         C:\Program Files (x86)\Microsoft Visual Studio 10.0\VC\bin\link.exe /ERRORREPORT:PROMPT /OUT:"C:\Users\jsherard\Desktop\Now\FRCC\C++\Chapter 3\Ch03_Ex05\Debug\Ch03_Ex05.exe" /INCREMENTAL /NOLOGO kernel32.lib user32.lib gdi32.lib winspool.lib comdlg32.lib advapi32.lib shell32.lib ole32.lib oleaut32.lib uuid.lib odbc32.lib odbccp32.lib /MANIFEST /ManifestFile:"Debug\Ch03_Ex05.exe.intermediate.manifest" /MANIFESTUAC:"level='asInvoker' uiAccess='false'" /DEBUG /PDB:"C:\Users\jsherard\Desktop\Now\FRCC\C++\Chapter 3\Ch03_Ex05\Debug\Ch03_Ex05.pdb" /SUBSYSTEM:CONSOLE /TLBID:1 /DYNAMICBASE /NXCOMPAT /IMPLIB:"C:\Users\jsherard\Desktop\Now\FRCC\C++\Chapter 3\Ch03_Ex05\Debug\Ch03_Ex05.lib" /MACHINE:X86 Debug\Ch03_Ex05.exe.embed.manifest.res
         Debug\Ch03_Ex05.obj
       Manifest:
         C:\Program Files (x86)\Microsoft SDKs\Windows\v7.0A\bin\mt.exe /nologo /verbose /out:"Debug\Ch03_Ex05.exe.embed.manifest" /manifest Debug\Ch03_Ex05.exe.intermediate.manifest
         All outputs are up-to-date.
       LinkEmbedManifest:
         All outputs are up-to-date.
         Ch03_Ex05.vcxproj -> C:\Users\jsherard\Desktop\Now\FRCC\C++\Chapter 3\Ch03_Ex05\Debug\Ch03_Ex05.exe
       FinalizeBuildStatus:
         Deleting file "Debug\Ch03_Ex05.unsuccessfulbuild".
         Touching "Debug\Ch03_Ex05.lastbuildstate".
     1>Done Building Project "C:\Users\jsherard\Desktop\Now\FRCC\C++\Chapter 3\Ch03_Ex05\Ch03_Ex05\Ch03_Ex05.vcxproj" (build target(s)).

Build succeeded.

Time Elapsed 00:00:02.20
