Build started 6/25/2013 8:22:56 PM.
     1>Project "C:\Users\jsherard\Desktop\Now\FRCC\C++\Chapter 5\telephoneDigits\telephoneDigits\telephoneDigits.vcxproj" on node 2 (build target(s)).
     1>InitializeBuildStatus:
         Touching "Debug\telephoneDigits.unsuccessfulbuild".
       ClCompile:
         C:\Program Files (x86)\Microsoft Visual Studio 10.0\VC\bin\CL.exe /c /ZI /nologo /W3 /WX- /Od /Oy- /D WIN32 /D _DEBUG /D _CONSOLE /D _UNICODE /D UNICODE /Gm /EHsc /RTC1 /MDd /GS /fp:precise /Zc:wchar_t /Zc:forScope /Fo"Debug\\" /Fd"Debug\vc100.pdb" /Gd /TP /analyze- /errorReport:prompt telephoneDigits.cpp
         telephoneDigits.cpp
       ManifestResourceCompile:
         All outputs are up-to-date.
       Link:
         C:\Program Files (x86)\Microsoft Visual Studio 10.0\VC\bin\link.exe /ERRORREPORT:PROMPT /OUT:"C:\Users\jsherard\Desktop\Now\FRCC\C++\Chapter 5\telephoneDigits\Debug\telephoneDigits.exe" /INCREMENTAL /NOLOGO kernel32.lib user32.lib gdi32.lib winspool.lib comdlg32.lib advapi32.lib shell32.lib ole32.lib oleaut32.lib uuid.lib odbc32.lib odbccp32.lib /MANIFEST /ManifestFile:"Debug\telephoneDigits.exe.intermediate.manifest" /MANIFESTUAC:"level='asInvoker' uiAccess='false'" /DEBUG /PDB:"C:\Users\jsherard\Desktop\Now\FRCC\C++\Chapter 5\telephoneDigits\Debug\telephoneDigits.pdb" /SUBSYSTEM:CONSOLE /TLBID:1 /DYNAMICBASE /NXCOMPAT /IMPLIB:"C:\Users\jsherard\Desktop\Now\FRCC\C++\Chapter 5\telephoneDigits\Debug\telephoneDigits.lib" /MACHINE:X86 Debug\telephoneDigits.exe.embed.manifest.res
         Debug\telephoneDigits.obj
       Manifest:
         C:\Program Files (x86)\Microsoft SDKs\Windows\v7.0A\bin\mt.exe /nologo /verbose /out:"Debug\telephoneDigits.exe.embed.manifest" /manifest Debug\telephoneDigits.exe.intermediate.manifest
         All outputs are up-to-date.
       LinkEmbedManifest:
         All outputs are up-to-date.
         telephoneDigits.vcxproj -> C:\Users\jsherard\Desktop\Now\FRCC\C++\Chapter 5\telephoneDigits\Debug\telephoneDigits.exe
       FinalizeBuildStatus:
         Deleting file "Debug\telephoneDigits.unsuccessfulbuild".
         Touching "Debug\telephoneDigits.lastbuildstate".
     1>Done Building Project "C:\Users\jsherard\Desktop\Now\FRCC\C++\Chapter 5\telephoneDigits\telephoneDigits\telephoneDigits.vcxproj" (build target(s)).

Build succeeded.

Time Elapsed 00:00:01.07
