Build started 6/8/2013 5:02:04 PM.
     1>Project "C:\Users\jsherard\Desktop\Now\FRCC\C++\Chapter 2\Ch02_Ex12\Ch02_Ex12\Ch02_Ex12.vcxproj" on node 2 (build target(s)).
     1>PrepareForBuild:
         Creating directory "C:\Users\jsherard\Desktop\Now\FRCC\C++\Chapter 2\Ch02_Ex12\Debug\".
       InitializeBuildStatus:
         Creating "Debug\Ch02_Ex12.unsuccessfulbuild" because "AlwaysCreate" was specified.
       ClCompile:
         C:\Program Files (x86)\Microsoft Visual Studio 10.0\VC\bin\CL.exe /c /ZI /nologo /W3 /WX- /Od /Oy- /D WIN32 /D _DEBUG /D _CONSOLE /D _UNICODE /D UNICODE /Gm /EHsc /RTC1 /MDd /GS /fp:precise /Zc:wchar_t /Zc:forScope /Fo"Debug\\" /Fd"Debug\vc100.pdb" /Gd /TP /analyze- /errorReport:prompt Ch02_Ex12.cpp
         Ch02_Ex12.cpp
       ManifestResourceCompile:
         C:\Program Files (x86)\Microsoft SDKs\Windows\v7.0A\bin\rc.exe /nologo /fo"Debug\Ch02_Ex12.exe.embed.manifest.res" Debug\Ch02_Ex12_manifest.rc 
       Link:
         C:\Program Files (x86)\Microsoft Visual Studio 10.0\VC\bin\link.exe /ERRORREPORT:PROMPT /OUT:"C:\Users\jsherard\Desktop\Now\FRCC\C++\Chapter 2\Ch02_Ex12\Debug\Ch02_Ex12.exe" /INCREMENTAL /NOLOGO kernel32.lib user32.lib gdi32.lib winspool.lib comdlg32.lib advapi32.lib shell32.lib ole32.lib oleaut32.lib uuid.lib odbc32.lib odbccp32.lib /MANIFEST /ManifestFile:"Debug\Ch02_Ex12.exe.intermediate.manifest" /MANIFESTUAC:"level='asInvoker' uiAccess='false'" /DEBUG /PDB:"C:\Users\jsherard\Desktop\Now\FRCC\C++\Chapter 2\Ch02_Ex12\Debug\Ch02_Ex12.pdb" /SUBSYSTEM:CONSOLE /TLBID:1 /DYNAMICBASE /NXCOMPAT /IMPLIB:"C:\Users\jsherard\Desktop\Now\FRCC\C++\Chapter 2\Ch02_Ex12\Debug\Ch02_Ex12.lib" /MACHINE:X86 Debug\Ch02_Ex12.exe.embed.manifest.res
         Debug\Ch02_Ex12.obj
       Manifest:
         C:\Program Files (x86)\Microsoft SDKs\Windows\v7.0A\bin\mt.exe /nologo /verbose /out:"Debug\Ch02_Ex12.exe.embed.manifest" /manifest Debug\Ch02_Ex12.exe.intermediate.manifest
         C:\Program Files (x86)\Microsoft SDKs\Windows\v7.0A\bin\rc.exe /nologo /fo"Debug\Ch02_Ex12.exe.embed.manifest.res" Debug\Ch02_Ex12_manifest.rc 
       LinkEmbedManifest:
         C:\Program Files (x86)\Microsoft Visual Studio 10.0\VC\bin\link.exe /ERRORREPORT:PROMPT /OUT:"C:\Users\jsherard\Desktop\Now\FRCC\C++\Chapter 2\Ch02_Ex12\Debug\Ch02_Ex12.exe" /INCREMENTAL /NOLOGO kernel32.lib user32.lib gdi32.lib winspool.lib comdlg32.lib advapi32.lib shell32.lib ole32.lib oleaut32.lib uuid.lib odbc32.lib odbccp32.lib /MANIFEST /ManifestFile:"Debug\Ch02_Ex12.exe.intermediate.manifest" /MANIFESTUAC:"level='asInvoker' uiAccess='false'" /DEBUG /PDB:"C:\Users\jsherard\Desktop\Now\FRCC\C++\Chapter 2\Ch02_Ex12\Debug\Ch02_Ex12.pdb" /SUBSYSTEM:CONSOLE /TLBID:1 /DYNAMICBASE /NXCOMPAT /IMPLIB:"C:\Users\jsherard\Desktop\Now\FRCC\C++\Chapter 2\Ch02_Ex12\Debug\Ch02_Ex12.lib" /MACHINE:X86 Debug\Ch02_Ex12.exe.embed.manifest.res
         Debug\Ch02_Ex12.obj
         Ch02_Ex12.vcxproj -> C:\Users\jsherard\Desktop\Now\FRCC\C++\Chapter 2\Ch02_Ex12\Debug\Ch02_Ex12.exe
       FinalizeBuildStatus:
         Deleting file "Debug\Ch02_Ex12.unsuccessfulbuild".
         Touching "Debug\Ch02_Ex12.lastbuildstate".
     1>Done Building Project "C:\Users\jsherard\Desktop\Now\FRCC\C++\Chapter 2\Ch02_Ex12\Ch02_Ex12\Ch02_Ex12.vcxproj" (build target(s)).

Build succeeded.

Time Elapsed 00:00:04.53
