Build started 7/17/2013 9:26:10 PM.
     1>Project "C:\Users\jsherard\Desktop\Now\FRCC\C++\Chapter 7\Ch07Ex06\Ch07Ex06\Ch07Ex06.vcxproj" on node 2 (build target(s)).
     1>InitializeBuildStatus:
         Creating "Debug\Ch07Ex06.unsuccessfulbuild" because "AlwaysCreate" was specified.
       ClCompile:
         C:\Program Files (x86)\Microsoft Visual Studio 10.0\VC\bin\CL.exe /c /ZI /nologo /W3 /WX- /Od /Oy- /D WIN32 /D _DEBUG /D _CONSOLE /D _UNICODE /D UNICODE /Gm /EHsc /RTC1 /MDd /GS /fp:precise /Zc:wchar_t /Zc:forScope /Fo"Debug\\" /Fd"Debug\vc100.pdb" /Gd /TP /analyze- /errorReport:prompt Ch07Ex06.cpp
         Ch07Ex06.cpp
     1>c:\users\jsherard\desktop\now\frcc\c++\chapter 7\ch07ex06\ch07ex06\ch07ex06.cpp(30): warning C4244: 'argument' : conversion from 'time_t' to 'unsigned int', possible loss of data
     1>c:\users\jsherard\desktop\now\frcc\c++\chapter 7\ch07ex06\ch07ex06\ch07ex06.cpp(160): warning C4244: '=' : conversion from 'double' to 'int', possible loss of data
     1>c:\users\jsherard\desktop\now\frcc\c++\chapter 7\ch07ex06\ch07ex06\ch07ex06.cpp(196): warning C4244: '=' : conversion from 'double' to 'int', possible loss of data
     1>c:\users\jsherard\desktop\now\frcc\c++\chapter 7\ch07ex06\ch07ex06\ch07ex06.cpp(220): warning C4244: '=' : conversion from 'double' to 'int', possible loss of data
     1>c:\users\jsherard\desktop\now\frcc\c++\chapter 7\ch07ex06\ch07ex06\ch07ex06.cpp(149): warning C4715: 'reverseNumber' : not all control paths return a value
       ManifestResourceCompile:
         All outputs are up-to-date.
       Link:
         C:\Program Files (x86)\Microsoft Visual Studio 10.0\VC\bin\link.exe /ERRORREPORT:PROMPT /OUT:"C:\Users\jsherard\Desktop\Now\FRCC\C++\Chapter 7\Ch07Ex06\Debug\Ch07Ex06.exe" /INCREMENTAL /NOLOGO kernel32.lib user32.lib gdi32.lib winspool.lib comdlg32.lib advapi32.lib shell32.lib ole32.lib oleaut32.lib uuid.lib odbc32.lib odbccp32.lib /MANIFEST /ManifestFile:"Debug\Ch07Ex06.exe.intermediate.manifest" /MANIFESTUAC:"level='asInvoker' uiAccess='false'" /DEBUG /PDB:"C:\Users\jsherard\Desktop\Now\FRCC\C++\Chapter 7\Ch07Ex06\Debug\Ch07Ex06.pdb" /SUBSYSTEM:CONSOLE /TLBID:1 /DYNAMICBASE /NXCOMPAT /IMPLIB:"C:\Users\jsherard\Desktop\Now\FRCC\C++\Chapter 7\Ch07Ex06\Debug\Ch07Ex06.lib" /MACHINE:X86 Debug\Ch07Ex06.exe.embed.manifest.res
         Debug\Ch07Ex06.obj
       Manifest:
         C:\Program Files (x86)\Microsoft SDKs\Windows\v7.0A\bin\mt.exe /nologo /verbose /out:"Debug\Ch07Ex06.exe.embed.manifest" /manifest Debug\Ch07Ex06.exe.intermediate.manifest
         All outputs are up-to-date.
       LinkEmbedManifest:
         All outputs are up-to-date.
         Ch07Ex06.vcxproj -> C:\Users\jsherard\Desktop\Now\FRCC\C++\Chapter 7\Ch07Ex06\Debug\Ch07Ex06.exe
       FinalizeBuildStatus:
         Deleting file "Debug\Ch07Ex06.unsuccessfulbuild".
         Touching "Debug\Ch07Ex06.lastbuildstate".
     1>Done Building Project "C:\Users\jsherard\Desktop\Now\FRCC\C++\Chapter 7\Ch07Ex06\Ch07Ex06\Ch07Ex06.vcxproj" (build target(s)).

Build succeeded.

Time Elapsed 00:00:01.04
